Building DAG of jobs...
Using shell: /bin/bash
Provided cluster nodes: 2
Job counts:
	count	jobs
	1	all
	1	gene_level_differential_expression
	2

[Thu Dec 20 16:37:26 2018]
rule gene_level_differential_expression:
    input: data/processedData/read_counts/V_D2_Rep_1.readCounts.txt, data/processedData/read_counts/V_D2_Rep_2.readCounts.txt, data/processedData/read_counts/V_D2_Rep_3.readCounts.txt, data/processedData/read_counts/V_D7_Rep_1.readCounts.txt, data/processedData/read_counts/V_D7_Rep_2.readCounts.txt, data/processedData/read_counts/V_D7_Rep_3.readCounts.txt, data/processedData/read_counts/V_D14_Rep_1.readCounts.txt, data/processedData/read_counts/V_D14_Rep_2.readCounts.txt, data/processedData/read_counts/V_D14_Rep_3.readCounts.txt, data/processedData/read_counts/C_D2_Rep_1.readCounts.txt, data/processedData/read_counts/C_D2_Rep_2.readCounts.txt, data/processedData/read_counts/C_D2_Rep_3.readCounts.txt, data/processedData/read_counts/C_D7_Rep_1.readCounts.txt, data/processedData/read_counts/C_D7_Rep_2.readCounts.txt, data/processedData/read_counts/C_D7_Rep_3.readCounts.txt, data/processedData/read_counts/C_D14_Rep_1.readCounts.txt, data/processedData/read_counts/C_D14_Rep_2.readCounts.txt, data/processedData/read_counts/C_D14_Rep_3.readCounts.txt
    output: data/processedData/top_hits/glmControlVsInfectedFoldChange.txt, data/processedData/top_hits/glmControlVsInfectedPValue.txt
    log: logs/edgeR.log
    jobid: 19

Submitted job 19 with external jobid '8551609.torque01.util.production.int.aci.ics.psu.edu'.
[Thu Dec 20 16:38:26 2018]
Error in rule gene_level_differential_expression:
    jobid: 19
    output: data/processedData/top_hits/glmControlVsInfectedFoldChange.txt, data/processedData/top_hits/glmControlVsInfectedPValue.txt
    log: logs/edgeR.log
    cluster_jobid: 8551609.torque01.util.production.int.aci.ics.psu.edu

Shutting down, this might take some time.
Exiting because a job execution failed. Look above for error message
Complete log: /gpfs/scratch/cah422/stephensiTranscriptome-november2018-mayvInf/.snakemake/log/2018-12-20T163726.181456.snakemake.log
