Building DAG of jobs...
Using shell: /bin/bash
Provided cluster nodes: 181
Job counts:
	count	jobs
	18	add_read_groups
	1	all
	18	decompress_trimmed_reads
	18	filter_mapped_and_paired_reads
	18	fix_mate_pairs
	18	local_realignment
	18	local_realignment_ID
	18	quality_filter_reads
	18	remove_duplicate_reads
	18	sort_bam
	18	star_map
	181

rule decompress_trimmed_reads:
    input: data/processedData/trimmed_reads/V_D2_Rep_1_R1_paired.fastq.gz, data/processedData/trimmed_reads/V_D2_Rep_1_R2_paired.fastq.gz
    output: data/processedData/trimmed_reads/V_D2_Rep_1_R1_paired.fastq, data/processedData/trimmed_reads/V_D2_Rep_1_R2_paired.fastq
    jobid: 165
    wildcards: sample=V_D2_Rep_1

Submitted job 165 with external jobid '8395436.torque01.util.production.int.aci.ics.psu.edu'.

rule decompress_trimmed_reads:
    input: data/processedData/trimmed_reads/C_D2_Rep_1_R1_paired.fastq.gz, data/processedData/trimmed_reads/C_D2_Rep_1_R2_paired.fastq.gz
    output: data/processedData/trimmed_reads/C_D2_Rep_1_R1_paired.fastq, data/processedData/trimmed_reads/C_D2_Rep_1_R2_paired.fastq
    jobid: 180
    wildcards: sample=C_D2_Rep_1

Submitted job 180 with external jobid '8395437.torque01.util.production.int.aci.ics.psu.edu'.

rule decompress_trimmed_reads:
    input: data/processedData/trimmed_reads/V_D14_Rep_3_R1_paired.fastq.gz, data/processedData/trimmed_reads/V_D14_Rep_3_R2_paired.fastq.gz
    output: data/processedData/trimmed_reads/V_D14_Rep_3_R1_paired.fastq, data/processedData/trimmed_reads/V_D14_Rep_3_R2_paired.fastq
    jobid: 170
    wildcards: sample=V_D14_Rep_3

Submitted job 170 with external jobid '8395438.torque01.util.production.int.aci.ics.psu.edu'.

rule decompress_trimmed_reads:
    input: data/processedData/trimmed_reads/C_D2_Rep_2_R1_paired.fastq.gz, data/processedData/trimmed_reads/C_D2_Rep_2_R2_paired.fastq.gz
    output: data/processedData/trimmed_reads/C_D2_Rep_2_R1_paired.fastq, data/processedData/trimmed_reads/C_D2_Rep_2_R2_paired.fastq
    jobid: 163
    wildcards: sample=C_D2_Rep_2

Submitted job 163 with external jobid '8395439.torque01.util.production.int.aci.ics.psu.edu'.

rule decompress_trimmed_reads:
    input: data/processedData/trimmed_reads/C_D7_Rep_2_R1_paired.fastq.gz, data/processedData/trimmed_reads/C_D7_Rep_2_R2_paired.fastq.gz
    output: data/processedData/trimmed_reads/C_D7_Rep_2_R1_paired.fastq, data/processedData/trimmed_reads/C_D7_Rep_2_R2_paired.fastq
    jobid: 174
    wildcards: sample=C_D7_Rep_2

Submitted job 174 with external jobid '8395440.torque01.util.production.int.aci.ics.psu.edu'.

rule decompress_trimmed_reads:
    input: data/processedData/trimmed_reads/V_D2_Rep_3_R1_paired.fastq.gz, data/processedData/trimmed_reads/V_D2_Rep_3_R2_paired.fastq.gz
    output: data/processedData/trimmed_reads/V_D2_Rep_3_R1_paired.fastq, data/processedData/trimmed_reads/V_D2_Rep_3_R2_paired.fastq
    jobid: 176
    wildcards: sample=V_D2_Rep_3

Submitted job 176 with external jobid '8395441.torque01.util.production.int.aci.ics.psu.edu'.

rule decompress_trimmed_reads:
    input: data/processedData/trimmed_reads/C_D7_Rep_1_R1_paired.fastq.gz, data/processedData/trimmed_reads/C_D7_Rep_1_R2_paired.fastq.gz
    output: data/processedData/trimmed_reads/C_D7_Rep_1_R1_paired.fastq, data/processedData/trimmed_reads/C_D7_Rep_1_R2_paired.fastq
    jobid: 173
    wildcards: sample=C_D7_Rep_1

Submitted job 173 with external jobid '8395442.torque01.util.production.int.aci.ics.psu.edu'.

rule decompress_trimmed_reads:
    input: data/processedData/trimmed_reads/V_D7_Rep_2_R1_paired.fastq.gz, data/processedData/trimmed_reads/V_D7_Rep_2_R2_paired.fastq.gz
    output: data/processedData/trimmed_reads/V_D7_Rep_2_R1_paired.fastq, data/processedData/trimmed_reads/V_D7_Rep_2_R2_paired.fastq
    jobid: 178
    wildcards: sample=V_D7_Rep_2

Submitted job 178 with external jobid '8395443.torque01.util.production.int.aci.ics.psu.edu'.

rule decompress_trimmed_reads:
    input: data/processedData/trimmed_reads/C_D7_Rep_3_R1_paired.fastq.gz, data/processedData/trimmed_reads/C_D7_Rep_3_R2_paired.fastq.gz
    output: data/processedData/trimmed_reads/C_D7_Rep_3_R1_paired.fastq, data/processedData/trimmed_reads/C_D7_Rep_3_R2_paired.fastq
    jobid: 168
    wildcards: sample=C_D7_Rep_3

Submitted job 168 with external jobid '8395444.torque01.util.production.int.aci.ics.psu.edu'.

rule decompress_trimmed_reads:
    input: data/processedData/trimmed_reads/V_D7_Rep_1_R1_paired.fastq.gz, data/processedData/trimmed_reads/V_D7_Rep_1_R2_paired.fastq.gz
    output: data/processedData/trimmed_reads/V_D7_Rep_1_R1_paired.fastq, data/processedData/trimmed_reads/V_D7_Rep_1_R2_paired.fastq
    jobid: 166
    wildcards: sample=V_D7_Rep_1

Submitted job 166 with external jobid '8395445.torque01.util.production.int.aci.ics.psu.edu'.

rule decompress_trimmed_reads:
    input: data/processedData/trimmed_reads/C_D14_Rep_2_R1_paired.fastq.gz, data/processedData/trimmed_reads/C_D14_Rep_2_R2_paired.fastq.gz
    output: data/processedData/trimmed_reads/C_D14_Rep_2_R1_paired.fastq, data/processedData/trimmed_reads/C_D14_Rep_2_R2_paired.fastq
    jobid: 169
    wildcards: sample=C_D14_Rep_2

Submitted job 169 with external jobid '8395446.torque01.util.production.int.aci.ics.psu.edu'.

rule decompress_trimmed_reads:
    input: data/processedData/trimmed_reads/V_D14_Rep_2_R1_paired.fastq.gz, data/processedData/trimmed_reads/V_D14_Rep_2_R2_paired.fastq.gz
    output: data/processedData/trimmed_reads/V_D14_Rep_2_R1_paired.fastq, data/processedData/trimmed_reads/V_D14_Rep_2_R2_paired.fastq
    jobid: 172
    wildcards: sample=V_D14_Rep_2

Submitted job 172 with external jobid '8395447.torque01.util.production.int.aci.ics.psu.edu'.

rule decompress_trimmed_reads:
    input: data/processedData/trimmed_reads/V_D2_Rep_2_R1_paired.fastq.gz, data/processedData/trimmed_reads/V_D2_Rep_2_R2_paired.fastq.gz
    output: data/processedData/trimmed_reads/V_D2_Rep_2_R1_paired.fastq, data/processedData/trimmed_reads/V_D2_Rep_2_R2_paired.fastq
    jobid: 177
    wildcards: sample=V_D2_Rep_2

Submitted job 177 with external jobid '8395448.torque01.util.production.int.aci.ics.psu.edu'.

rule decompress_trimmed_reads:
    input: data/processedData/trimmed_reads/C_D14_Rep_3_R1_paired.fastq.gz, data/processedData/trimmed_reads/C_D14_Rep_3_R2_paired.fastq.gz
    output: data/processedData/trimmed_reads/C_D14_Rep_3_R1_paired.fastq, data/processedData/trimmed_reads/C_D14_Rep_3_R2_paired.fastq
    jobid: 175
    wildcards: sample=C_D14_Rep_3

Submitted job 175 with external jobid '8395449.torque01.util.production.int.aci.ics.psu.edu'.

rule decompress_trimmed_reads:
    input: data/processedData/trimmed_reads/V_D14_Rep_1_R1_paired.fastq.gz, data/processedData/trimmed_reads/V_D14_Rep_1_R2_paired.fastq.gz
    output: data/processedData/trimmed_reads/V_D14_Rep_1_R1_paired.fastq, data/processedData/trimmed_reads/V_D14_Rep_1_R2_paired.fastq
    jobid: 179
    wildcards: sample=V_D14_Rep_1

Submitted job 179 with external jobid '8395450.torque01.util.production.int.aci.ics.psu.edu'.

rule decompress_trimmed_reads:
    input: data/processedData/trimmed_reads/C_D2_Rep_3_R1_paired.fastq.gz, data/processedData/trimmed_reads/C_D2_Rep_3_R2_paired.fastq.gz
    output: data/processedData/trimmed_reads/C_D2_Rep_3_R1_paired.fastq, data/processedData/trimmed_reads/C_D2_Rep_3_R2_paired.fastq
    jobid: 164
    wildcards: sample=C_D2_Rep_3

Submitted job 164 with external jobid '8395451.torque01.util.production.int.aci.ics.psu.edu'.

rule decompress_trimmed_reads:
    input: data/processedData/trimmed_reads/V_D7_Rep_3_R1_paired.fastq.gz, data/processedData/trimmed_reads/V_D7_Rep_3_R2_paired.fastq.gz
    output: data/processedData/trimmed_reads/V_D7_Rep_3_R1_paired.fastq, data/processedData/trimmed_reads/V_D7_Rep_3_R2_paired.fastq
    jobid: 171
    wildcards: sample=V_D7_Rep_3

Submitted job 171 with external jobid '8395452.torque01.util.production.int.aci.ics.psu.edu'.

rule decompress_trimmed_reads:
    input: data/processedData/trimmed_reads/C_D14_Rep_1_R1_paired.fastq.gz, data/processedData/trimmed_reads/C_D14_Rep_1_R2_paired.fastq.gz
    output: data/processedData/trimmed_reads/C_D14_Rep_1_R1_paired.fastq, data/processedData/trimmed_reads/C_D14_Rep_1_R2_paired.fastq
    jobid: 167
    wildcards: sample=C_D14_Rep_1

Submitted job 167 with external jobid '8395453.torque01.util.production.int.aci.ics.psu.edu'.
    Error in rule decompress_trimmed_reads:
        jobid: 168
        output: data/processedData/trimmed_reads/C_D7_Rep_3_R1_paired.fastq, data/processedData/trimmed_reads/C_D7_Rep_3_R2_paired.fastq
        cluster_jobid: 8395444.torque01.util.production.int.aci.ics.psu.edu

    Error in rule decompress_trimmed_reads:
        jobid: 170
        output: data/processedData/trimmed_reads/V_D14_Rep_3_R1_paired.fastq, data/processedData/trimmed_reads/V_D14_Rep_3_R2_paired.fastq
        cluster_jobid: 8395438.torque01.util.production.int.aci.ics.psu.edu

    Error in rule decompress_trimmed_reads:
        jobid: 176
        output: data/processedData/trimmed_reads/V_D2_Rep_3_R1_paired.fastq, data/processedData/trimmed_reads/V_D2_Rep_3_R2_paired.fastq
        cluster_jobid: 8395441.torque01.util.production.int.aci.ics.psu.edu

    Error in rule decompress_trimmed_reads:
        jobid: 173
        output: data/processedData/trimmed_reads/C_D7_Rep_1_R1_paired.fastq, data/processedData/trimmed_reads/C_D7_Rep_1_R2_paired.fastq
        cluster_jobid: 8395442.torque01.util.production.int.aci.ics.psu.edu

    Error in rule decompress_trimmed_reads:
        jobid: 169
        output: data/processedData/trimmed_reads/C_D14_Rep_2_R1_paired.fastq, data/processedData/trimmed_reads/C_D14_Rep_2_R2_paired.fastq
        cluster_jobid: 8395446.torque01.util.production.int.aci.ics.psu.edu

    Error in rule decompress_trimmed_reads:
        jobid: 166
        output: data/processedData/trimmed_reads/V_D7_Rep_1_R1_paired.fastq, data/processedData/trimmed_reads/V_D7_Rep_1_R2_paired.fastq
        cluster_jobid: 8395445.torque01.util.production.int.aci.ics.psu.edu

    Error in rule decompress_trimmed_reads:
        jobid: 165
        output: data/processedData/trimmed_reads/V_D2_Rep_1_R1_paired.fastq, data/processedData/trimmed_reads/V_D2_Rep_1_R2_paired.fastq
        cluster_jobid: 8395436.torque01.util.production.int.aci.ics.psu.edu

    Error in rule decompress_trimmed_reads:
        jobid: 180
        output: data/processedData/trimmed_reads/C_D2_Rep_1_R1_paired.fastq, data/processedData/trimmed_reads/C_D2_Rep_1_R2_paired.fastq
        cluster_jobid: 8395437.torque01.util.production.int.aci.ics.psu.edu

    Error in rule decompress_trimmed_reads:
        jobid: 163
        output: data/processedData/trimmed_reads/C_D2_Rep_2_R1_paired.fastq, data/processedData/trimmed_reads/C_D2_Rep_2_R2_paired.fastq
        cluster_jobid: 8395439.torque01.util.production.int.aci.ics.psu.edu

    Error in rule decompress_trimmed_reads:
        jobid: 174
        output: data/processedData/trimmed_reads/C_D7_Rep_2_R1_paired.fastq, data/processedData/trimmed_reads/C_D7_Rep_2_R2_paired.fastq
        cluster_jobid: 8395440.torque01.util.production.int.aci.ics.psu.edu

    Error in rule decompress_trimmed_reads:
        jobid: 178
        output: data/processedData/trimmed_reads/V_D7_Rep_2_R1_paired.fastq, data/processedData/trimmed_reads/V_D7_Rep_2_R2_paired.fastq
        cluster_jobid: 8395443.torque01.util.production.int.aci.ics.psu.edu

    Error in rule decompress_trimmed_reads:
        jobid: 172
        output: data/processedData/trimmed_reads/V_D14_Rep_2_R1_paired.fastq, data/processedData/trimmed_reads/V_D14_Rep_2_R2_paired.fastq
        cluster_jobid: 8395447.torque01.util.production.int.aci.ics.psu.edu

    Error in rule decompress_trimmed_reads:
        jobid: 177
        output: data/processedData/trimmed_reads/V_D2_Rep_2_R1_paired.fastq, data/processedData/trimmed_reads/V_D2_Rep_2_R2_paired.fastq
        cluster_jobid: 8395448.torque01.util.production.int.aci.ics.psu.edu

    Error in rule decompress_trimmed_reads:
        jobid: 175
        output: data/processedData/trimmed_reads/C_D14_Rep_3_R1_paired.fastq, data/processedData/trimmed_reads/C_D14_Rep_3_R2_paired.fastq
        cluster_jobid: 8395449.torque01.util.production.int.aci.ics.psu.edu

    Error in rule decompress_trimmed_reads:
        jobid: 171
        output: data/processedData/trimmed_reads/V_D7_Rep_3_R1_paired.fastq, data/processedData/trimmed_reads/V_D7_Rep_3_R2_paired.fastq
        cluster_jobid: 8395452.torque01.util.production.int.aci.ics.psu.edu

    Error in rule decompress_trimmed_reads:
        jobid: 167
        output: data/processedData/trimmed_reads/C_D14_Rep_1_R1_paired.fastq, data/processedData/trimmed_reads/C_D14_Rep_1_R2_paired.fastq
        cluster_jobid: 8395453.torque01.util.production.int.aci.ics.psu.edu

    Error in rule decompress_trimmed_reads:
        jobid: 179
        output: data/processedData/trimmed_reads/V_D14_Rep_1_R1_paired.fastq, data/processedData/trimmed_reads/V_D14_Rep_1_R2_paired.fastq
        cluster_jobid: 8395450.torque01.util.production.int.aci.ics.psu.edu

    Error in rule decompress_trimmed_reads:
        jobid: 164
        output: data/processedData/trimmed_reads/C_D2_Rep_3_R1_paired.fastq, data/processedData/trimmed_reads/C_D2_Rep_3_R2_paired.fastq
        cluster_jobid: 8395451.torque01.util.production.int.aci.ics.psu.edu

Shutting down, this might take some time.
Exiting because a job execution failed. Look above for error message
Complete log: /gpfs/scratch/cah422/stephensiTranscriptome-november2018-mayvInf/.snakemake/log/2018-12-05T095945.935956.snakemake.log
