Building DAG of jobs...
Using shell: /bin/bash
Provided cluster nodes: 19
Job counts:
	count	jobs
	1	all
	18	rSubread
	19

[Tue Dec 18 12:04:47 2018]
rule rSubread:
    input: data/processedData/aligned_reads/quality_filter/V_D2_Rep_1.PE.star.sorted.fixed.filtered.postdup.RG.passed.bam
    output: data/processedData/read_counts/V_D2_Rep_1.readCounds.txt
    log: logs/V_D2_Rep_1.quality_filter_reads.log
    jobid: 1
    wildcards: sample=V_D2_Rep_1

Submitted job 1 with external jobid '8521618.torque01.util.production.int.aci.ics.psu.edu'.

[Tue Dec 18 12:04:47 2018]
rule rSubread:
    input: data/processedData/aligned_reads/quality_filter/V_D14_Rep_2.PE.star.sorted.fixed.filtered.postdup.RG.passed.bam
    output: data/processedData/read_counts/V_D14_Rep_2.readCounds.txt
    log: logs/V_D14_Rep_2.quality_filter_reads.log
    jobid: 8
    wildcards: sample=V_D14_Rep_2

Submitted job 8 with external jobid '8521619.torque01.util.production.int.aci.ics.psu.edu'.

[Tue Dec 18 12:04:47 2018]
rule rSubread:
    input: data/processedData/aligned_reads/quality_filter/C_D7_Rep_1.PE.star.sorted.fixed.filtered.postdup.RG.passed.bam
    output: data/processedData/read_counts/C_D7_Rep_1.readCounds.txt
    log: logs/C_D7_Rep_1.quality_filter_reads.log
    jobid: 13
    wildcards: sample=C_D7_Rep_1

Submitted job 13 with external jobid '8521620.torque01.util.production.int.aci.ics.psu.edu'.

[Tue Dec 18 12:04:47 2018]
rule rSubread:
    input: data/processedData/aligned_reads/quality_filter/V_D7_Rep_2.PE.star.sorted.fixed.filtered.postdup.RG.passed.bam
    output: data/processedData/read_counts/V_D7_Rep_2.readCounds.txt
    log: logs/V_D7_Rep_2.quality_filter_reads.log
    jobid: 5
    wildcards: sample=V_D7_Rep_2

Submitted job 5 with external jobid '8521621.torque01.util.production.int.aci.ics.psu.edu'.

[Tue Dec 18 12:04:47 2018]
rule rSubread:
    input: data/processedData/aligned_reads/quality_filter/V_D7_Rep_1.PE.star.sorted.fixed.filtered.postdup.RG.passed.bam
    output: data/processedData/read_counts/V_D7_Rep_1.readCounds.txt
    log: logs/V_D7_Rep_1.quality_filter_reads.log
    jobid: 4
    wildcards: sample=V_D7_Rep_1

Submitted job 4 with external jobid '8521622.torque01.util.production.int.aci.ics.psu.edu'.

[Tue Dec 18 12:04:47 2018]
rule rSubread:
    input: data/processedData/aligned_reads/quality_filter/C_D7_Rep_3.PE.star.sorted.fixed.filtered.postdup.RG.passed.bam
    output: data/processedData/read_counts/C_D7_Rep_3.readCounds.txt
    log: logs/C_D7_Rep_3.quality_filter_reads.log
    jobid: 15
    wildcards: sample=C_D7_Rep_3

Submitted job 15 with external jobid '8521623.torque01.util.production.int.aci.ics.psu.edu'.

[Tue Dec 18 12:04:47 2018]
rule rSubread:
    input: data/processedData/aligned_reads/quality_filter/C_D7_Rep_2.PE.star.sorted.fixed.filtered.postdup.RG.passed.bam
    output: data/processedData/read_counts/C_D7_Rep_2.readCounds.txt
    log: logs/C_D7_Rep_2.quality_filter_reads.log
    jobid: 14
    wildcards: sample=C_D7_Rep_2

Submitted job 14 with external jobid '8521624.torque01.util.production.int.aci.ics.psu.edu'.

[Tue Dec 18 12:04:47 2018]
rule rSubread:
    input: data/processedData/aligned_reads/quality_filter/C_D2_Rep_3.PE.star.sorted.fixed.filtered.postdup.RG.passed.bam
    output: data/processedData/read_counts/C_D2_Rep_3.readCounds.txt
    log: logs/C_D2_Rep_3.quality_filter_reads.log
    jobid: 12
    wildcards: sample=C_D2_Rep_3

Submitted job 12 with external jobid '8521625.torque01.util.production.int.aci.ics.psu.edu'.

[Tue Dec 18 12:04:47 2018]
rule rSubread:
    input: data/processedData/aligned_reads/quality_filter/V_D2_Rep_2.PE.star.sorted.fixed.filtered.postdup.RG.passed.bam
    output: data/processedData/read_counts/V_D2_Rep_2.readCounds.txt
    log: logs/V_D2_Rep_2.quality_filter_reads.log
    jobid: 2
    wildcards: sample=V_D2_Rep_2

Submitted job 2 with external jobid '8521626.torque01.util.production.int.aci.ics.psu.edu'.

[Tue Dec 18 12:04:47 2018]
rule rSubread:
    input: data/processedData/aligned_reads/quality_filter/V_D14_Rep_3.PE.star.sorted.fixed.filtered.postdup.RG.passed.bam
    output: data/processedData/read_counts/V_D14_Rep_3.readCounds.txt
    log: logs/V_D14_Rep_3.quality_filter_reads.log
    jobid: 9
    wildcards: sample=V_D14_Rep_3

Submitted job 9 with external jobid '8521627.torque01.util.production.int.aci.ics.psu.edu'.

[Tue Dec 18 12:04:48 2018]
rule rSubread:
    input: data/processedData/aligned_reads/quality_filter/V_D2_Rep_3.PE.star.sorted.fixed.filtered.postdup.RG.passed.bam
    output: data/processedData/read_counts/V_D2_Rep_3.readCounds.txt
    log: logs/V_D2_Rep_3.quality_filter_reads.log
    jobid: 3
    wildcards: sample=V_D2_Rep_3

Submitted job 3 with external jobid '8521628.torque01.util.production.int.aci.ics.psu.edu'.

[Tue Dec 18 12:04:48 2018]
rule rSubread:
    input: data/processedData/aligned_reads/quality_filter/C_D2_Rep_2.PE.star.sorted.fixed.filtered.postdup.RG.passed.bam
    output: data/processedData/read_counts/C_D2_Rep_2.readCounds.txt
    log: logs/C_D2_Rep_2.quality_filter_reads.log
    jobid: 11
    wildcards: sample=C_D2_Rep_2

Submitted job 11 with external jobid '8521629.torque01.util.production.int.aci.ics.psu.edu'.

[Tue Dec 18 12:04:48 2018]
rule rSubread:
    input: data/processedData/aligned_reads/quality_filter/C_D14_Rep_1.PE.star.sorted.fixed.filtered.postdup.RG.passed.bam
    output: data/processedData/read_counts/C_D14_Rep_1.readCounds.txt
    log: logs/C_D14_Rep_1.quality_filter_reads.log
    jobid: 16
    wildcards: sample=C_D14_Rep_1

Submitted job 16 with external jobid '8521630.torque01.util.production.int.aci.ics.psu.edu'.

[Tue Dec 18 12:04:48 2018]
rule rSubread:
    input: data/processedData/aligned_reads/quality_filter/C_D14_Rep_2.PE.star.sorted.fixed.filtered.postdup.RG.passed.bam
    output: data/processedData/read_counts/C_D14_Rep_2.readCounds.txt
    log: logs/C_D14_Rep_2.quality_filter_reads.log
    jobid: 17
    wildcards: sample=C_D14_Rep_2

Submitted job 17 with external jobid '8521631.torque01.util.production.int.aci.ics.psu.edu'.

[Tue Dec 18 12:04:48 2018]
rule rSubread:
    input: data/processedData/aligned_reads/quality_filter/C_D2_Rep_1.PE.star.sorted.fixed.filtered.postdup.RG.passed.bam
    output: data/processedData/read_counts/C_D2_Rep_1.readCounds.txt
    log: logs/C_D2_Rep_1.quality_filter_reads.log
    jobid: 10
    wildcards: sample=C_D2_Rep_1

Submitted job 10 with external jobid '8521632.torque01.util.production.int.aci.ics.psu.edu'.

[Tue Dec 18 12:04:48 2018]
rule rSubread:
    input: data/processedData/aligned_reads/quality_filter/V_D14_Rep_1.PE.star.sorted.fixed.filtered.postdup.RG.passed.bam
    output: data/processedData/read_counts/V_D14_Rep_1.readCounds.txt
    log: logs/V_D14_Rep_1.quality_filter_reads.log
    jobid: 7
    wildcards: sample=V_D14_Rep_1

Submitted job 7 with external jobid '8521633.torque01.util.production.int.aci.ics.psu.edu'.

[Tue Dec 18 12:04:48 2018]
rule rSubread:
    input: data/processedData/aligned_reads/quality_filter/V_D7_Rep_3.PE.star.sorted.fixed.filtered.postdup.RG.passed.bam
    output: data/processedData/read_counts/V_D7_Rep_3.readCounds.txt
    log: logs/V_D7_Rep_3.quality_filter_reads.log
    jobid: 6
    wildcards: sample=V_D7_Rep_3

Submitted job 6 with external jobid '8521634.torque01.util.production.int.aci.ics.psu.edu'.

[Tue Dec 18 12:04:48 2018]
rule rSubread:
    input: data/processedData/aligned_reads/quality_filter/C_D14_Rep_3.PE.star.sorted.fixed.filtered.postdup.RG.passed.bam
    output: data/processedData/read_counts/C_D14_Rep_3.readCounds.txt
    log: logs/C_D14_Rep_3.quality_filter_reads.log
    jobid: 18
    wildcards: sample=C_D14_Rep_3

Submitted job 18 with external jobid '8521635.torque01.util.production.int.aci.ics.psu.edu'.
[Tue Dec 18 12:06:58 2018]
Finished job 15.
1 of 19 steps (5%) done
[Tue Dec 18 12:07:09 2018]
Finished job 1.
2 of 19 steps (11%) done
[Tue Dec 18 12:07:09 2018]
Finished job 8.
3 of 19 steps (16%) done
[Tue Dec 18 12:07:09 2018]
Finished job 13.
4 of 19 steps (21%) done
[Tue Dec 18 12:07:09 2018]
Finished job 5.
5 of 19 steps (26%) done
[Tue Dec 18 12:07:09 2018]
Finished job 4.
6 of 19 steps (32%) done
[Tue Dec 18 12:07:09 2018]
Finished job 2.
7 of 19 steps (37%) done
[Tue Dec 18 12:07:20 2018]
Finished job 14.
8 of 19 steps (42%) done
[Tue Dec 18 12:07:20 2018]
Finished job 12.
9 of 19 steps (47%) done
[Tue Dec 18 12:07:20 2018]
Finished job 9.
10 of 19 steps (53%) done
[Tue Dec 18 12:07:31 2018]
Finished job 11.
11 of 19 steps (58%) done
[Tue Dec 18 12:08:21 2018]
Finished job 3.
12 of 19 steps (63%) done
[Tue Dec 18 12:09:22 2018]
Finished job 17.
13 of 19 steps (68%) done
[Tue Dec 18 12:09:22 2018]
Finished job 18.
14 of 19 steps (74%) done
[Tue Dec 18 12:09:32 2018]
Finished job 16.
15 of 19 steps (79%) done
[Tue Dec 18 12:09:32 2018]
Finished job 7.
16 of 19 steps (84%) done
[Tue Dec 18 12:09:32 2018]
Finished job 6.
17 of 19 steps (89%) done
[Tue Dec 18 12:09:52 2018]
Finished job 10.
18 of 19 steps (95%) done

[Tue Dec 18 12:09:52 2018]
localrule all:
    input: data/processedData/read_counts/V_D2_Rep_1.readCounds.txt, data/processedData/read_counts/V_D2_Rep_2.readCounds.txt, data/processedData/read_counts/V_D2_Rep_3.readCounds.txt, data/processedData/read_counts/V_D7_Rep_1.readCounds.txt, data/processedData/read_counts/V_D7_Rep_2.readCounds.txt, data/processedData/read_counts/V_D7_Rep_3.readCounds.txt, data/processedData/read_counts/V_D14_Rep_1.readCounds.txt, data/processedData/read_counts/V_D14_Rep_2.readCounds.txt, data/processedData/read_counts/V_D14_Rep_3.readCounds.txt, data/processedData/read_counts/C_D2_Rep_1.readCounds.txt, data/processedData/read_counts/C_D2_Rep_2.readCounds.txt, data/processedData/read_counts/C_D2_Rep_3.readCounds.txt, data/processedData/read_counts/C_D7_Rep_1.readCounds.txt, data/processedData/read_counts/C_D7_Rep_2.readCounds.txt, data/processedData/read_counts/C_D7_Rep_3.readCounds.txt, data/processedData/read_counts/C_D14_Rep_1.readCounds.txt, data/processedData/read_counts/C_D14_Rep_2.readCounds.txt, data/processedData/read_counts/C_D14_Rep_3.readCounds.txt
    jobid: 0

[Tue Dec 18 12:09:52 2018]
Finished job 0.
19 of 19 steps (100%) done
Complete log: /gpfs/scratch/cah422/stephensiTranscriptome-november2018-mayvInf/.snakemake/log/2018-12-18T120447.177641.snakemake.log
