Building DAG of jobs...
Using shell: /bin/bash
Provided cluster nodes: 181
Job counts:
	count	jobs
	18	add_read_groups
	1	all
	18	decompress_trimmed_reads
	18	filter_mapped_and_paired_reads
	18	fix_mate_pairs
	18	local_realignment
	18	local_realignment_ID
	18	quality_filter_reads
	18	remove_duplicate_reads
	18	sort_bam
	18	star_map
	181

rule decompress_trimmed_reads:
    input: data/processedData/trimmed_reads/V_D7_Rep_3_R1_paired.fastq.gz, data/processedData/trimmed_reads/V_D7_Rep_3_R2_paired.fastq.gz
    output: data/processedData/trimmed_reads/V_D7_Rep_3_R1_paired.fastq, data/processedData/trimmed_reads/V_D7_Rep_3_R2_paired.fastq
    jobid: 165
    wildcards: sample=V_D7_Rep_3

Submitted job 165 with external jobid '8397548.torque01.util.production.int.aci.ics.psu.edu'.

rule decompress_trimmed_reads:
    input: data/processedData/trimmed_reads/C_D2_Rep_3_R1_paired.fastq.gz, data/processedData/trimmed_reads/C_D2_Rep_3_R2_paired.fastq.gz
    output: data/processedData/trimmed_reads/C_D2_Rep_3_R1_paired.fastq, data/processedData/trimmed_reads/C_D2_Rep_3_R2_paired.fastq
    jobid: 171
    wildcards: sample=C_D2_Rep_3

Submitted job 171 with external jobid '8397549.torque01.util.production.int.aci.ics.psu.edu'.

rule decompress_trimmed_reads:
    input: data/processedData/trimmed_reads/C_D14_Rep_2_R1_paired.fastq.gz, data/processedData/trimmed_reads/C_D14_Rep_2_R2_paired.fastq.gz
    output: data/processedData/trimmed_reads/C_D14_Rep_2_R1_paired.fastq, data/processedData/trimmed_reads/C_D14_Rep_2_R2_paired.fastq
    jobid: 172
    wildcards: sample=C_D14_Rep_2

Submitted job 172 with external jobid '8397550.torque01.util.production.int.aci.ics.psu.edu'.

rule decompress_trimmed_reads:
    input: data/processedData/trimmed_reads/C_D14_Rep_1_R1_paired.fastq.gz, data/processedData/trimmed_reads/C_D14_Rep_1_R2_paired.fastq.gz
    output: data/processedData/trimmed_reads/C_D14_Rep_1_R1_paired.fastq, data/processedData/trimmed_reads/C_D14_Rep_1_R2_paired.fastq
    jobid: 175
    wildcards: sample=C_D14_Rep_1

Submitted job 175 with external jobid '8397551.torque01.util.production.int.aci.ics.psu.edu'.

rule decompress_trimmed_reads:
    input: data/processedData/trimmed_reads/V_D2_Rep_2_R1_paired.fastq.gz, data/processedData/trimmed_reads/V_D2_Rep_2_R2_paired.fastq.gz
    output: data/processedData/trimmed_reads/V_D2_Rep_2_R1_paired.fastq, data/processedData/trimmed_reads/V_D2_Rep_2_R2_paired.fastq
    jobid: 166
    wildcards: sample=V_D2_Rep_2

Submitted job 166 with external jobid '8397552.torque01.util.production.int.aci.ics.psu.edu'.

rule decompress_trimmed_reads:
    input: data/processedData/trimmed_reads/C_D7_Rep_1_R1_paired.fastq.gz, data/processedData/trimmed_reads/C_D7_Rep_1_R2_paired.fastq.gz
    output: data/processedData/trimmed_reads/C_D7_Rep_1_R1_paired.fastq, data/processedData/trimmed_reads/C_D7_Rep_1_R2_paired.fastq
    jobid: 169
    wildcards: sample=C_D7_Rep_1

Submitted job 169 with external jobid '8397553.torque01.util.production.int.aci.ics.psu.edu'.

rule decompress_trimmed_reads:
    input: data/processedData/trimmed_reads/C_D7_Rep_3_R1_paired.fastq.gz, data/processedData/trimmed_reads/C_D7_Rep_3_R2_paired.fastq.gz
    output: data/processedData/trimmed_reads/C_D7_Rep_3_R1_paired.fastq, data/processedData/trimmed_reads/C_D7_Rep_3_R2_paired.fastq
    jobid: 176
    wildcards: sample=C_D7_Rep_3

Submitted job 176 with external jobid '8397554.torque01.util.production.int.aci.ics.psu.edu'.

rule decompress_trimmed_reads:
    input: data/processedData/trimmed_reads/V_D14_Rep_1_R1_paired.fastq.gz, data/processedData/trimmed_reads/V_D14_Rep_1_R2_paired.fastq.gz
    output: data/processedData/trimmed_reads/V_D14_Rep_1_R1_paired.fastq, data/processedData/trimmed_reads/V_D14_Rep_1_R2_paired.fastq
    jobid: 178
    wildcards: sample=V_D14_Rep_1

Submitted job 178 with external jobid '8397555.torque01.util.production.int.aci.ics.psu.edu'.

rule decompress_trimmed_reads:
    input: data/processedData/trimmed_reads/C_D7_Rep_2_R1_paired.fastq.gz, data/processedData/trimmed_reads/C_D7_Rep_2_R2_paired.fastq.gz
    output: data/processedData/trimmed_reads/C_D7_Rep_2_R1_paired.fastq, data/processedData/trimmed_reads/C_D7_Rep_2_R2_paired.fastq
    jobid: 180
    wildcards: sample=C_D7_Rep_2

Submitted job 180 with external jobid '8397556.torque01.util.production.int.aci.ics.psu.edu'.

rule decompress_trimmed_reads:
    input: data/processedData/trimmed_reads/V_D7_Rep_1_R1_paired.fastq.gz, data/processedData/trimmed_reads/V_D7_Rep_1_R2_paired.fastq.gz
    output: data/processedData/trimmed_reads/V_D7_Rep_1_R1_paired.fastq, data/processedData/trimmed_reads/V_D7_Rep_1_R2_paired.fastq
    jobid: 163
    wildcards: sample=V_D7_Rep_1

Submitted job 163 with external jobid '8397557.torque01.util.production.int.aci.ics.psu.edu'.

rule decompress_trimmed_reads:
    input: data/processedData/trimmed_reads/C_D14_Rep_3_R1_paired.fastq.gz, data/processedData/trimmed_reads/C_D14_Rep_3_R2_paired.fastq.gz
    output: data/processedData/trimmed_reads/C_D14_Rep_3_R1_paired.fastq, data/processedData/trimmed_reads/C_D14_Rep_3_R2_paired.fastq
    jobid: 177
    wildcards: sample=C_D14_Rep_3

Submitted job 177 with external jobid '8397558.torque01.util.production.int.aci.ics.psu.edu'.

rule decompress_trimmed_reads:
    input: data/processedData/trimmed_reads/V_D14_Rep_3_R1_paired.fastq.gz, data/processedData/trimmed_reads/V_D14_Rep_3_R2_paired.fastq.gz
    output: data/processedData/trimmed_reads/V_D14_Rep_3_R1_paired.fastq, data/processedData/trimmed_reads/V_D14_Rep_3_R2_paired.fastq
    jobid: 167
    wildcards: sample=V_D14_Rep_3

Submitted job 167 with external jobid '8397559.torque01.util.production.int.aci.ics.psu.edu'.

rule decompress_trimmed_reads:
    input: data/processedData/trimmed_reads/C_D2_Rep_1_R1_paired.fastq.gz, data/processedData/trimmed_reads/C_D2_Rep_1_R2_paired.fastq.gz
    output: data/processedData/trimmed_reads/C_D2_Rep_1_R1_paired.fastq, data/processedData/trimmed_reads/C_D2_Rep_1_R2_paired.fastq
    jobid: 173
    wildcards: sample=C_D2_Rep_1

Submitted job 173 with external jobid '8397560.torque01.util.production.int.aci.ics.psu.edu'.

rule decompress_trimmed_reads:
    input: data/processedData/trimmed_reads/V_D14_Rep_2_R1_paired.fastq.gz, data/processedData/trimmed_reads/V_D14_Rep_2_R2_paired.fastq.gz
    output: data/processedData/trimmed_reads/V_D14_Rep_2_R1_paired.fastq, data/processedData/trimmed_reads/V_D14_Rep_2_R2_paired.fastq
    jobid: 179
    wildcards: sample=V_D14_Rep_2

Submitted job 179 with external jobid '8397561.torque01.util.production.int.aci.ics.psu.edu'.

rule decompress_trimmed_reads:
    input: data/processedData/trimmed_reads/V_D2_Rep_3_R1_paired.fastq.gz, data/processedData/trimmed_reads/V_D2_Rep_3_R2_paired.fastq.gz
    output: data/processedData/trimmed_reads/V_D2_Rep_3_R1_paired.fastq, data/processedData/trimmed_reads/V_D2_Rep_3_R2_paired.fastq
    jobid: 174
    wildcards: sample=V_D2_Rep_3

Submitted job 174 with external jobid '8397562.torque01.util.production.int.aci.ics.psu.edu'.

rule decompress_trimmed_reads:
    input: data/processedData/trimmed_reads/V_D2_Rep_1_R1_paired.fastq.gz, data/processedData/trimmed_reads/V_D2_Rep_1_R2_paired.fastq.gz
    output: data/processedData/trimmed_reads/V_D2_Rep_1_R1_paired.fastq, data/processedData/trimmed_reads/V_D2_Rep_1_R2_paired.fastq
    jobid: 164
    wildcards: sample=V_D2_Rep_1

Submitted job 164 with external jobid '8397563.torque01.util.production.int.aci.ics.psu.edu'.

rule decompress_trimmed_reads:
    input: data/processedData/trimmed_reads/C_D2_Rep_2_R1_paired.fastq.gz, data/processedData/trimmed_reads/C_D2_Rep_2_R2_paired.fastq.gz
    output: data/processedData/trimmed_reads/C_D2_Rep_2_R1_paired.fastq, data/processedData/trimmed_reads/C_D2_Rep_2_R2_paired.fastq
    jobid: 168
    wildcards: sample=C_D2_Rep_2

Submitted job 168 with external jobid '8397564.torque01.util.production.int.aci.ics.psu.edu'.

rule decompress_trimmed_reads:
    input: data/processedData/trimmed_reads/V_D7_Rep_2_R1_paired.fastq.gz, data/processedData/trimmed_reads/V_D7_Rep_2_R2_paired.fastq.gz
    output: data/processedData/trimmed_reads/V_D7_Rep_2_R1_paired.fastq, data/processedData/trimmed_reads/V_D7_Rep_2_R2_paired.fastq
    jobid: 170
    wildcards: sample=V_D7_Rep_2

Submitted job 170 with external jobid '8397565.torque01.util.production.int.aci.ics.psu.edu'.
Finished job 165.
1 of 181 steps (0.55%) done

rule star_map:
    input: data/processedData/trimmed_reads/V_D7_Rep_3_R1_paired.fastq, data/processedData/trimmed_reads/V_D7_Rep_3_R2_paired.fastq
    output: data/processedData/aligned_reads/star_output/V_D7_Rep_3/
    log: logs/V_D7_Rep_3.map_and_bam.log
    jobid: 147
    wildcards: sample=V_D7_Rep_3

Finished job 172.
2 of 181 steps (1%) done
Finished job 175.
3 of 181 steps (2%) done
Submitted job 147 with external jobid '8397582.torque01.util.production.int.aci.ics.psu.edu'.
Finished job 176.
4 of 181 steps (2%) done

rule star_map:
    input: data/processedData/trimmed_reads/C_D14_Rep_1_R1_paired.fastq, data/processedData/trimmed_reads/C_D14_Rep_1_R2_paired.fastq
    output: data/processedData/aligned_reads/star_output/C_D14_Rep_1/
    log: logs/C_D14_Rep_1.map_and_bam.log
    jobid: 157
    wildcards: sample=C_D14_Rep_1

Submitted job 157 with external jobid '8397583.torque01.util.production.int.aci.ics.psu.edu'.

rule star_map:
    input: data/processedData/trimmed_reads/C_D7_Rep_3_R1_paired.fastq, data/processedData/trimmed_reads/C_D7_Rep_3_R2_paired.fastq
    output: data/processedData/aligned_reads/star_output/C_D7_Rep_3/
    log: logs/C_D7_Rep_3.map_and_bam.log
    jobid: 158
    wildcards: sample=C_D7_Rep_3

Submitted job 158 with external jobid '8397584.torque01.util.production.int.aci.ics.psu.edu'.

rule star_map:
    input: data/processedData/trimmed_reads/C_D14_Rep_2_R1_paired.fastq, data/processedData/trimmed_reads/C_D14_Rep_2_R2_paired.fastq
    output: data/processedData/aligned_reads/star_output/C_D14_Rep_2/
    log: logs/C_D14_Rep_2.map_and_bam.log
    jobid: 154
    wildcards: sample=C_D14_Rep_2

Submitted job 154 with external jobid '8397585.torque01.util.production.int.aci.ics.psu.edu'.
Finished job 166.
5 of 181 steps (3%) done

rule star_map:
    input: data/processedData/trimmed_reads/V_D2_Rep_2_R1_paired.fastq, data/processedData/trimmed_reads/V_D2_Rep_2_R2_paired.fastq
    output: data/processedData/aligned_reads/star_output/V_D2_Rep_2/
    log: logs/V_D2_Rep_2.map_and_bam.log
    jobid: 148
    wildcards: sample=V_D2_Rep_2

Finished job 169.
6 of 181 steps (3%) done
Submitted job 148 with external jobid '8397594.torque01.util.production.int.aci.ics.psu.edu'.
Finished job 180.
7 of 181 steps (4%) done

rule star_map:
    input: data/processedData/trimmed_reads/C_D7_Rep_2_R1_paired.fastq, data/processedData/trimmed_reads/C_D7_Rep_2_R2_paired.fastq
    output: data/processedData/aligned_reads/star_output/C_D7_Rep_2/
    log: logs/C_D7_Rep_2.map_and_bam.log
    jobid: 162
    wildcards: sample=C_D7_Rep_2

Finished job 163.
8 of 181 steps (4%) done
Submitted job 162 with external jobid '8397595.torque01.util.production.int.aci.ics.psu.edu'.

rule star_map:
    input: data/processedData/trimmed_reads/C_D7_Rep_1_R1_paired.fastq, data/processedData/trimmed_reads/C_D7_Rep_1_R2_paired.fastq
    output: data/processedData/aligned_reads/star_output/C_D7_Rep_1/
    log: logs/C_D7_Rep_1.map_and_bam.log
    jobid: 151
    wildcards: sample=C_D7_Rep_1

Submitted job 151 with external jobid '8397596.torque01.util.production.int.aci.ics.psu.edu'.

rule star_map:
    input: data/processedData/trimmed_reads/V_D7_Rep_1_R1_paired.fastq, data/processedData/trimmed_reads/V_D7_Rep_1_R2_paired.fastq
    output: data/processedData/aligned_reads/star_output/V_D7_Rep_1/
    log: logs/V_D7_Rep_1.map_and_bam.log
    jobid: 145
    wildcards: sample=V_D7_Rep_1

Submitted job 145 with external jobid '8397597.torque01.util.production.int.aci.ics.psu.edu'.
Finished job 177.
9 of 181 steps (5%) done

rule star_map:
    input: data/processedData/trimmed_reads/C_D14_Rep_3_R1_paired.fastq, data/processedData/trimmed_reads/C_D14_Rep_3_R2_paired.fastq
    output: data/processedData/aligned_reads/star_output/C_D14_Rep_3/
    log: logs/C_D14_Rep_3.map_and_bam.log
    jobid: 159
    wildcards: sample=C_D14_Rep_3

Finished job 167.
10 of 181 steps (6%) done
Submitted job 159 with external jobid '8397598.torque01.util.production.int.aci.ics.psu.edu'.

rule star_map:
    input: data/processedData/trimmed_reads/V_D14_Rep_3_R1_paired.fastq, data/processedData/trimmed_reads/V_D14_Rep_3_R2_paired.fastq
    output: data/processedData/aligned_reads/star_output/V_D14_Rep_3/
    log: logs/V_D14_Rep_3.map_and_bam.log
    jobid: 149
    wildcards: sample=V_D14_Rep_3

Submitted job 149 with external jobid '8397599.torque01.util.production.int.aci.ics.psu.edu'.
Finished job 171.
11 of 181 steps (6%) done

rule star_map:
    input: data/processedData/trimmed_reads/C_D2_Rep_3_R1_paired.fastq, data/processedData/trimmed_reads/C_D2_Rep_3_R2_paired.fastq
    output: data/processedData/aligned_reads/star_output/C_D2_Rep_3/
    log: logs/C_D2_Rep_3.map_and_bam.log
    jobid: 153
    wildcards: sample=C_D2_Rep_3

Submitted job 153 with external jobid '8397603.torque01.util.production.int.aci.ics.psu.edu'.
Finished job 178.
12 of 181 steps (7%) done

rule star_map:
    input: data/processedData/trimmed_reads/V_D14_Rep_1_R1_paired.fastq, data/processedData/trimmed_reads/V_D14_Rep_1_R2_paired.fastq
    output: data/processedData/aligned_reads/star_output/V_D14_Rep_1/
    log: logs/V_D14_Rep_1.map_and_bam.log
    jobid: 160
    wildcards: sample=V_D14_Rep_1

Submitted job 160 with external jobid '8397604.torque01.util.production.int.aci.ics.psu.edu'.
Finished job 173.
13 of 181 steps (7%) done

rule star_map:
    input: data/processedData/trimmed_reads/C_D2_Rep_1_R1_paired.fastq, data/processedData/trimmed_reads/C_D2_Rep_1_R2_paired.fastq
    output: data/processedData/aligned_reads/star_output/C_D2_Rep_1/
    log: logs/C_D2_Rep_1.map_and_bam.log
    jobid: 155
    wildcards: sample=C_D2_Rep_1

Submitted job 155 with external jobid '8397627.torque01.util.production.int.aci.ics.psu.edu'.
Finished job 179.
14 of 181 steps (8%) done

rule star_map:
    input: data/processedData/trimmed_reads/V_D14_Rep_2_R1_paired.fastq, data/processedData/trimmed_reads/V_D14_Rep_2_R2_paired.fastq
    output: data/processedData/aligned_reads/star_output/V_D14_Rep_2/
    log: logs/V_D14_Rep_2.map_and_bam.log
    jobid: 161
    wildcards: sample=V_D14_Rep_2

Finished job 174.
15 of 181 steps (8%) done
Finished job 170.
16 of 181 steps (9%) done
Submitted job 161 with external jobid '8397634.torque01.util.production.int.aci.ics.psu.edu'.

rule star_map:
    input: data/processedData/trimmed_reads/V_D2_Rep_3_R1_paired.fastq, data/processedData/trimmed_reads/V_D2_Rep_3_R2_paired.fastq
    output: data/processedData/aligned_reads/star_output/V_D2_Rep_3/
    log: logs/V_D2_Rep_3.map_and_bam.log
    jobid: 156
    wildcards: sample=V_D2_Rep_3

Submitted job 156 with external jobid '8397635.torque01.util.production.int.aci.ics.psu.edu'.

rule star_map:
    input: data/processedData/trimmed_reads/V_D7_Rep_2_R1_paired.fastq, data/processedData/trimmed_reads/V_D7_Rep_2_R2_paired.fastq
    output: data/processedData/aligned_reads/star_output/V_D7_Rep_2/
    log: logs/V_D7_Rep_2.map_and_bam.log
    jobid: 152
    wildcards: sample=V_D7_Rep_2

Submitted job 152 with external jobid '8397636.torque01.util.production.int.aci.ics.psu.edu'.
Finished job 164.
17 of 181 steps (9%) done

rule star_map:
    input: data/processedData/trimmed_reads/V_D2_Rep_1_R1_paired.fastq, data/processedData/trimmed_reads/V_D2_Rep_1_R2_paired.fastq
    output: data/processedData/aligned_reads/star_output/V_D2_Rep_1/
    log: logs/V_D2_Rep_1.map_and_bam.log
    jobid: 146
    wildcards: sample=V_D2_Rep_1

Finished job 168.
18 of 181 steps (10%) done
Submitted job 146 with external jobid '8397638.torque01.util.production.int.aci.ics.psu.edu'.

rule star_map:
    input: data/processedData/trimmed_reads/C_D2_Rep_2_R1_paired.fastq, data/processedData/trimmed_reads/C_D2_Rep_2_R2_paired.fastq
    output: data/processedData/aligned_reads/star_output/C_D2_Rep_2/
    log: logs/C_D2_Rep_2.map_and_bam.log
    jobid: 150
    wildcards: sample=C_D2_Rep_2

Submitted job 150 with external jobid '8397639.torque01.util.production.int.aci.ics.psu.edu'.
    Error in rule star_map:
        jobid: 154
        output: data/processedData/aligned_reads/star_output/C_D14_Rep_2/
        log: logs/C_D14_Rep_2.map_and_bam.log
        cluster_jobid: 8397585.torque01.util.production.int.aci.ics.psu.edu

    Error in rule star_map:
        jobid: 158
        output: data/processedData/aligned_reads/star_output/C_D7_Rep_3/
        log: logs/C_D7_Rep_3.map_and_bam.log
        cluster_jobid: 8397584.torque01.util.production.int.aci.ics.psu.edu

    Error in rule star_map:
        jobid: 159
        output: data/processedData/aligned_reads/star_output/C_D14_Rep_3/
        log: logs/C_D14_Rep_3.map_and_bam.log
        cluster_jobid: 8397598.torque01.util.production.int.aci.ics.psu.edu

    Error in rule star_map:
        jobid: 157
        output: data/processedData/aligned_reads/star_output/C_D14_Rep_1/
        log: logs/C_D14_Rep_1.map_and_bam.log
        cluster_jobid: 8397583.torque01.util.production.int.aci.ics.psu.edu

    Error in rule star_map:
        jobid: 148
        output: data/processedData/aligned_reads/star_output/V_D2_Rep_2/
        log: logs/V_D2_Rep_2.map_and_bam.log
        cluster_jobid: 8397594.torque01.util.production.int.aci.ics.psu.edu

    Error in rule star_map:
        jobid: 162
        output: data/processedData/aligned_reads/star_output/C_D7_Rep_2/
        log: logs/C_D7_Rep_2.map_and_bam.log
        cluster_jobid: 8397595.torque01.util.production.int.aci.ics.psu.edu

    Error in rule star_map:
        jobid: 151
        output: data/processedData/aligned_reads/star_output/C_D7_Rep_1/
        log: logs/C_D7_Rep_1.map_and_bam.log
        cluster_jobid: 8397596.torque01.util.production.int.aci.ics.psu.edu

    Error in rule star_map:
        jobid: 147
        output: data/processedData/aligned_reads/star_output/V_D7_Rep_3/
        log: logs/V_D7_Rep_3.map_and_bam.log
        cluster_jobid: 8397582.torque01.util.production.int.aci.ics.psu.edu

    Error in rule star_map:
        jobid: 156
        output: data/processedData/aligned_reads/star_output/V_D2_Rep_3/
        log: logs/V_D2_Rep_3.map_and_bam.log
        cluster_jobid: 8397635.torque01.util.production.int.aci.ics.psu.edu

    Error in rule star_map:
        jobid: 145
        output: data/processedData/aligned_reads/star_output/V_D7_Rep_1/
        log: logs/V_D7_Rep_1.map_and_bam.log
        cluster_jobid: 8397597.torque01.util.production.int.aci.ics.psu.edu

    Error in rule star_map:
        jobid: 161
        output: data/processedData/aligned_reads/star_output/V_D14_Rep_2/
        log: logs/V_D14_Rep_2.map_and_bam.log
        cluster_jobid: 8397634.torque01.util.production.int.aci.ics.psu.edu

    Error in rule star_map:
        jobid: 149
        output: data/processedData/aligned_reads/star_output/V_D14_Rep_3/
        log: logs/V_D14_Rep_3.map_and_bam.log
        cluster_jobid: 8397599.torque01.util.production.int.aci.ics.psu.edu

    Error in rule star_map:
        jobid: 155
        output: data/processedData/aligned_reads/star_output/C_D2_Rep_1/
        log: logs/C_D2_Rep_1.map_and_bam.log
        cluster_jobid: 8397627.torque01.util.production.int.aci.ics.psu.edu

    Error in rule star_map:
        jobid: 153
        output: data/processedData/aligned_reads/star_output/C_D2_Rep_3/
        log: logs/C_D2_Rep_3.map_and_bam.log
        cluster_jobid: 8397603.torque01.util.production.int.aci.ics.psu.edu

    Error in rule star_map:
        jobid: 152
        output: data/processedData/aligned_reads/star_output/V_D7_Rep_2/
        log: logs/V_D7_Rep_2.map_and_bam.log
        cluster_jobid: 8397636.torque01.util.production.int.aci.ics.psu.edu

    Error in rule star_map:
        jobid: 150
        output: data/processedData/aligned_reads/star_output/C_D2_Rep_2/
        log: logs/C_D2_Rep_2.map_and_bam.log
        cluster_jobid: 8397639.torque01.util.production.int.aci.ics.psu.edu

    Error in rule star_map:
        jobid: 146
        output: data/processedData/aligned_reads/star_output/V_D2_Rep_1/
        log: logs/V_D2_Rep_1.map_and_bam.log
        cluster_jobid: 8397638.torque01.util.production.int.aci.ics.psu.edu

    Error in rule star_map:
        jobid: 160
        output: data/processedData/aligned_reads/star_output/V_D14_Rep_1/
        log: logs/V_D14_Rep_1.map_and_bam.log
        cluster_jobid: 8397604.torque01.util.production.int.aci.ics.psu.edu

Shutting down, this might take some time.
Exiting because a job execution failed. Look above for error message
Complete log: /gpfs/scratch/cah422/stephensiTranscriptome-november2018-mayvInf/.snakemake/log/2018-12-05T135535.285085.snakemake.log
