Building DAG of jobs...
Job counts:
	count	jobs
	18	add_read_groups
	1	all
	18	decompress_trimmed_reads
	18	filter_mapped_and_paired_reads
	18	fix_mate_pairs
	18	local_realignment
	18	local_realignment_ID
	18	quality_filter_reads
	18	remove_duplicate_reads
	18	sort_bam
	18	star_map
	181

rule decompress_trimmed_reads:
    input: data/processedData/trimmed_reads/V_D14_Rep_2_R1_paired.fastq.gz, data/processedData/trimmed_reads/V_D14_Rep_2_R2_paired.fastq.gz
    output: data/processedData/trimmed_reads/V_D14_Rep_2_R1_paired.fastq, data/processedData/trimmed_reads/V_D14_Rep_2_R2_paired.fastq
    jobid: 174
    wildcards: sample=V_D14_Rep_2

gunzip -dc data/processedData/trimmed_reads/V_D14_Rep_2_R1_paired.fastq.gz > data/processedData/trimmed_reads/V_D14_Rep_2_R1_paired.fastq;gunzip -dc data/processedData/trimmed_reads/V_D14_Rep_2_R2_paired.fastq.gz > data/processedData/trimmed_reads/V_D14_Rep_2_R2_paired.fastq

rule decompress_trimmed_reads:
    input: data/processedData/trimmed_reads/V_D14_Rep_3_R1_paired.fastq.gz, data/processedData/trimmed_reads/V_D14_Rep_3_R2_paired.fastq.gz
    output: data/processedData/trimmed_reads/V_D14_Rep_3_R1_paired.fastq, data/processedData/trimmed_reads/V_D14_Rep_3_R2_paired.fastq
    jobid: 163
    wildcards: sample=V_D14_Rep_3

gunzip -dc data/processedData/trimmed_reads/V_D14_Rep_3_R1_paired.fastq.gz > data/processedData/trimmed_reads/V_D14_Rep_3_R1_paired.fastq;gunzip -dc data/processedData/trimmed_reads/V_D14_Rep_3_R2_paired.fastq.gz > data/processedData/trimmed_reads/V_D14_Rep_3_R2_paired.fastq

rule decompress_trimmed_reads:
    input: data/processedData/trimmed_reads/C_D2_Rep_1_R1_paired.fastq.gz, data/processedData/trimmed_reads/C_D2_Rep_1_R2_paired.fastq.gz
    output: data/processedData/trimmed_reads/C_D2_Rep_1_R1_paired.fastq, data/processedData/trimmed_reads/C_D2_Rep_1_R2_paired.fastq
    jobid: 168
    wildcards: sample=C_D2_Rep_1

gunzip -dc data/processedData/trimmed_reads/C_D2_Rep_1_R1_paired.fastq.gz > data/processedData/trimmed_reads/C_D2_Rep_1_R1_paired.fastq;gunzip -dc data/processedData/trimmed_reads/C_D2_Rep_1_R2_paired.fastq.gz > data/processedData/trimmed_reads/C_D2_Rep_1_R2_paired.fastq

rule decompress_trimmed_reads:
    input: data/processedData/trimmed_reads/C_D14_Rep_1_R1_paired.fastq.gz, data/processedData/trimmed_reads/C_D14_Rep_1_R2_paired.fastq.gz
    output: data/processedData/trimmed_reads/C_D14_Rep_1_R1_paired.fastq, data/processedData/trimmed_reads/C_D14_Rep_1_R2_paired.fastq
    jobid: 173
    wildcards: sample=C_D14_Rep_1

gunzip -dc data/processedData/trimmed_reads/C_D14_Rep_1_R1_paired.fastq.gz > data/processedData/trimmed_reads/C_D14_Rep_1_R1_paired.fastq;gunzip -dc data/processedData/trimmed_reads/C_D14_Rep_1_R2_paired.fastq.gz > data/processedData/trimmed_reads/C_D14_Rep_1_R2_paired.fastq

rule decompress_trimmed_reads:
    input: data/processedData/trimmed_reads/C_D7_Rep_3_R1_paired.fastq.gz, data/processedData/trimmed_reads/C_D7_Rep_3_R2_paired.fastq.gz
    output: data/processedData/trimmed_reads/C_D7_Rep_3_R1_paired.fastq, data/processedData/trimmed_reads/C_D7_Rep_3_R2_paired.fastq
    jobid: 178
    wildcards: sample=C_D7_Rep_3

gunzip -dc data/processedData/trimmed_reads/C_D7_Rep_3_R1_paired.fastq.gz > data/processedData/trimmed_reads/C_D7_Rep_3_R1_paired.fastq;gunzip -dc data/processedData/trimmed_reads/C_D7_Rep_3_R2_paired.fastq.gz > data/processedData/trimmed_reads/C_D7_Rep_3_R2_paired.fastq

rule decompress_trimmed_reads:
    input: data/processedData/trimmed_reads/C_D14_Rep_2_R1_paired.fastq.gz, data/processedData/trimmed_reads/C_D14_Rep_2_R2_paired.fastq.gz
    output: data/processedData/trimmed_reads/C_D14_Rep_2_R1_paired.fastq, data/processedData/trimmed_reads/C_D14_Rep_2_R2_paired.fastq
    jobid: 176
    wildcards: sample=C_D14_Rep_2

gunzip -dc data/processedData/trimmed_reads/C_D14_Rep_2_R1_paired.fastq.gz > data/processedData/trimmed_reads/C_D14_Rep_2_R1_paired.fastq;gunzip -dc data/processedData/trimmed_reads/C_D14_Rep_2_R2_paired.fastq.gz > data/processedData/trimmed_reads/C_D14_Rep_2_R2_paired.fastq

rule decompress_trimmed_reads:
    input: data/processedData/trimmed_reads/V_D7_Rep_3_R1_paired.fastq.gz, data/processedData/trimmed_reads/V_D7_Rep_3_R2_paired.fastq.gz
    output: data/processedData/trimmed_reads/V_D7_Rep_3_R1_paired.fastq, data/processedData/trimmed_reads/V_D7_Rep_3_R2_paired.fastq
    jobid: 179
    wildcards: sample=V_D7_Rep_3

gunzip -dc data/processedData/trimmed_reads/V_D7_Rep_3_R1_paired.fastq.gz > data/processedData/trimmed_reads/V_D7_Rep_3_R1_paired.fastq;gunzip -dc data/processedData/trimmed_reads/V_D7_Rep_3_R2_paired.fastq.gz > data/processedData/trimmed_reads/V_D7_Rep_3_R2_paired.fastq

rule decompress_trimmed_reads:
    input: data/processedData/trimmed_reads/C_D14_Rep_3_R1_paired.fastq.gz, data/processedData/trimmed_reads/C_D14_Rep_3_R2_paired.fastq.gz
    output: data/processedData/trimmed_reads/C_D14_Rep_3_R1_paired.fastq, data/processedData/trimmed_reads/C_D14_Rep_3_R2_paired.fastq
    jobid: 167
    wildcards: sample=C_D14_Rep_3

gunzip -dc data/processedData/trimmed_reads/C_D14_Rep_3_R1_paired.fastq.gz > data/processedData/trimmed_reads/C_D14_Rep_3_R1_paired.fastq;gunzip -dc data/processedData/trimmed_reads/C_D14_Rep_3_R2_paired.fastq.gz > data/processedData/trimmed_reads/C_D14_Rep_3_R2_paired.fastq

rule decompress_trimmed_reads:
    input: data/processedData/trimmed_reads/V_D7_Rep_1_R1_paired.fastq.gz, data/processedData/trimmed_reads/V_D7_Rep_1_R2_paired.fastq.gz
    output: data/processedData/trimmed_reads/V_D7_Rep_1_R1_paired.fastq, data/processedData/trimmed_reads/V_D7_Rep_1_R2_paired.fastq
    jobid: 171
    wildcards: sample=V_D7_Rep_1

gunzip -dc data/processedData/trimmed_reads/V_D7_Rep_1_R1_paired.fastq.gz > data/processedData/trimmed_reads/V_D7_Rep_1_R1_paired.fastq;gunzip -dc data/processedData/trimmed_reads/V_D7_Rep_1_R2_paired.fastq.gz > data/processedData/trimmed_reads/V_D7_Rep_1_R2_paired.fastq

rule decompress_trimmed_reads:
    input: data/processedData/trimmed_reads/V_D14_Rep_1_R1_paired.fastq.gz, data/processedData/trimmed_reads/V_D14_Rep_1_R2_paired.fastq.gz
    output: data/processedData/trimmed_reads/V_D14_Rep_1_R1_paired.fastq, data/processedData/trimmed_reads/V_D14_Rep_1_R2_paired.fastq
    jobid: 175
    wildcards: sample=V_D14_Rep_1

gunzip -dc data/processedData/trimmed_reads/V_D14_Rep_1_R1_paired.fastq.gz > data/processedData/trimmed_reads/V_D14_Rep_1_R1_paired.fastq;gunzip -dc data/processedData/trimmed_reads/V_D14_Rep_1_R2_paired.fastq.gz > data/processedData/trimmed_reads/V_D14_Rep_1_R2_paired.fastq

rule decompress_trimmed_reads:
    input: data/processedData/trimmed_reads/V_D7_Rep_2_R1_paired.fastq.gz, data/processedData/trimmed_reads/V_D7_Rep_2_R2_paired.fastq.gz
    output: data/processedData/trimmed_reads/V_D7_Rep_2_R1_paired.fastq, data/processedData/trimmed_reads/V_D7_Rep_2_R2_paired.fastq
    jobid: 180
    wildcards: sample=V_D7_Rep_2

gunzip -dc data/processedData/trimmed_reads/V_D7_Rep_2_R1_paired.fastq.gz > data/processedData/trimmed_reads/V_D7_Rep_2_R1_paired.fastq;gunzip -dc data/processedData/trimmed_reads/V_D7_Rep_2_R2_paired.fastq.gz > data/processedData/trimmed_reads/V_D7_Rep_2_R2_paired.fastq

rule decompress_trimmed_reads:
    input: data/processedData/trimmed_reads/V_D2_Rep_2_R1_paired.fastq.gz, data/processedData/trimmed_reads/V_D2_Rep_2_R2_paired.fastq.gz
    output: data/processedData/trimmed_reads/V_D2_Rep_2_R1_paired.fastq, data/processedData/trimmed_reads/V_D2_Rep_2_R2_paired.fastq
    jobid: 166
    wildcards: sample=V_D2_Rep_2

gunzip -dc data/processedData/trimmed_reads/V_D2_Rep_2_R1_paired.fastq.gz > data/processedData/trimmed_reads/V_D2_Rep_2_R1_paired.fastq;gunzip -dc data/processedData/trimmed_reads/V_D2_Rep_2_R2_paired.fastq.gz > data/processedData/trimmed_reads/V_D2_Rep_2_R2_paired.fastq

rule decompress_trimmed_reads:
    input: data/processedData/trimmed_reads/C_D7_Rep_1_R1_paired.fastq.gz, data/processedData/trimmed_reads/C_D7_Rep_1_R2_paired.fastq.gz
    output: data/processedData/trimmed_reads/C_D7_Rep_1_R1_paired.fastq, data/processedData/trimmed_reads/C_D7_Rep_1_R2_paired.fastq
    jobid: 169
    wildcards: sample=C_D7_Rep_1

gunzip -dc data/processedData/trimmed_reads/C_D7_Rep_1_R1_paired.fastq.gz > data/processedData/trimmed_reads/C_D7_Rep_1_R1_paired.fastq;gunzip -dc data/processedData/trimmed_reads/C_D7_Rep_1_R2_paired.fastq.gz > data/processedData/trimmed_reads/C_D7_Rep_1_R2_paired.fastq

rule decompress_trimmed_reads:
    input: data/processedData/trimmed_reads/V_D2_Rep_3_R1_paired.fastq.gz, data/processedData/trimmed_reads/V_D2_Rep_3_R2_paired.fastq.gz
    output: data/processedData/trimmed_reads/V_D2_Rep_3_R1_paired.fastq, data/processedData/trimmed_reads/V_D2_Rep_3_R2_paired.fastq
    jobid: 172
    wildcards: sample=V_D2_Rep_3

gunzip -dc data/processedData/trimmed_reads/V_D2_Rep_3_R1_paired.fastq.gz > data/processedData/trimmed_reads/V_D2_Rep_3_R1_paired.fastq;gunzip -dc data/processedData/trimmed_reads/V_D2_Rep_3_R2_paired.fastq.gz > data/processedData/trimmed_reads/V_D2_Rep_3_R2_paired.fastq

rule decompress_trimmed_reads:
    input: data/processedData/trimmed_reads/V_D2_Rep_1_R1_paired.fastq.gz, data/processedData/trimmed_reads/V_D2_Rep_1_R2_paired.fastq.gz
    output: data/processedData/trimmed_reads/V_D2_Rep_1_R1_paired.fastq, data/processedData/trimmed_reads/V_D2_Rep_1_R2_paired.fastq
    jobid: 177
    wildcards: sample=V_D2_Rep_1

gunzip -dc data/processedData/trimmed_reads/V_D2_Rep_1_R1_paired.fastq.gz > data/processedData/trimmed_reads/V_D2_Rep_1_R1_paired.fastq;gunzip -dc data/processedData/trimmed_reads/V_D2_Rep_1_R2_paired.fastq.gz > data/processedData/trimmed_reads/V_D2_Rep_1_R2_paired.fastq

rule decompress_trimmed_reads:
    input: data/processedData/trimmed_reads/C_D2_Rep_2_R1_paired.fastq.gz, data/processedData/trimmed_reads/C_D2_Rep_2_R2_paired.fastq.gz
    output: data/processedData/trimmed_reads/C_D2_Rep_2_R1_paired.fastq, data/processedData/trimmed_reads/C_D2_Rep_2_R2_paired.fastq
    jobid: 170
    wildcards: sample=C_D2_Rep_2

gunzip -dc data/processedData/trimmed_reads/C_D2_Rep_2_R1_paired.fastq.gz > data/processedData/trimmed_reads/C_D2_Rep_2_R1_paired.fastq;gunzip -dc data/processedData/trimmed_reads/C_D2_Rep_2_R2_paired.fastq.gz > data/processedData/trimmed_reads/C_D2_Rep_2_R2_paired.fastq

rule decompress_trimmed_reads:
    input: data/processedData/trimmed_reads/C_D2_Rep_3_R1_paired.fastq.gz, data/processedData/trimmed_reads/C_D2_Rep_3_R2_paired.fastq.gz
    output: data/processedData/trimmed_reads/C_D2_Rep_3_R1_paired.fastq, data/processedData/trimmed_reads/C_D2_Rep_3_R2_paired.fastq
    jobid: 164
    wildcards: sample=C_D2_Rep_3

gunzip -dc data/processedData/trimmed_reads/C_D2_Rep_3_R1_paired.fastq.gz > data/processedData/trimmed_reads/C_D2_Rep_3_R1_paired.fastq;gunzip -dc data/processedData/trimmed_reads/C_D2_Rep_3_R2_paired.fastq.gz > data/processedData/trimmed_reads/C_D2_Rep_3_R2_paired.fastq

rule decompress_trimmed_reads:
    input: data/processedData/trimmed_reads/C_D7_Rep_2_R1_paired.fastq.gz, data/processedData/trimmed_reads/C_D7_Rep_2_R2_paired.fastq.gz
    output: data/processedData/trimmed_reads/C_D7_Rep_2_R1_paired.fastq, data/processedData/trimmed_reads/C_D7_Rep_2_R2_paired.fastq
    jobid: 165
    wildcards: sample=C_D7_Rep_2

gunzip -dc data/processedData/trimmed_reads/C_D7_Rep_2_R1_paired.fastq.gz > data/processedData/trimmed_reads/C_D7_Rep_2_R1_paired.fastq;gunzip -dc data/processedData/trimmed_reads/C_D7_Rep_2_R2_paired.fastq.gz > data/processedData/trimmed_reads/C_D7_Rep_2_R2_paired.fastq

rule star_map:
    input: data/processedData/trimmed_reads/C_D2_Rep_2_R1_paired.fastq, data/processedData/trimmed_reads/C_D2_Rep_2_R2_paired.fastq
    output: data/processedData/aligned_reads/star_output/C_D2_Rep_2/
    log: logs/C_D2_Rep_2.map_and_bam.log
    jobid: 152
    wildcards: sample=C_D2_Rep_2

RuleException in line 36 of /gpfs/scratch/cah422/stephensiTranscriptome-november2018-mayvInf/Snakefile:
NameError: The name 'sample' is unknown in this context. Please make sure that you defined that variable. Also note that braces not used for variable access have to be escaped by repeating them, i.e. {{print $1}}
